    [95m[NORMAL][00m [0m [94m<ProcessDriver::configure>[00m Instantiating Process ID=0 Type: Run3DTracker w/ Name: Run3DTracker
GOT:  <ROOT.ublarcvapp::reco3d::Run3DTracker object at 0x8515600> @ id= 0
set spline file=/cluster/kappa/90-days-archive/wongjiradlab/jmills09/post_process/ubdl/ublarcvapp/ublarcvapp/Reco3D/mac/../Proton_Muon_Range_dEdx_LAr_TSplines.root
    [95m[NORMAL][00m [0m [94m<IOManager::prepare_input>[00m Opening a file in READ mode: /cluster/tufts/wongjiradlab/larbys/data/db/mcc9_v13_bnb_overlay_run1/stage1/049/52/000/73/supera-Run004952-SubRun000073.root
    [95m[NORMAL][00m [0m [94m<IOManager::prepare_input>[00m Opening a file in READ mode: /cluster/tufts/wongjiradlab/larbys/data/db/mcc9_v13_bnb_overlay_run1/stage1/049/52/000/73/taggeroutv2-larcv-Run004952-SubRun000073.root
    [95m[NORMAL][00m [0m [94m<IOManager::prepare_input>[00m Opening a file in READ mode: /cluster/tufts/wongjiradlab/larbys/data/db/mcc9_v13_bnb_overlay_run1/stage2/test21/049/52/000/73/vertexout_49520073.root
    [95m[NORMAL][00m [0m [94m<IOManager::initialize>[00m Prepared input with 22 entries...
    [95m[NORMAL][00m [0m [94m<ProcessDriver::initialize>[00m Opening analysis output file ./tracker_anaout_49520073.root
set spline file=/cluster/kappa/90-days-archive/wongjiradlab/jmills09/post_process/ubdl/ublarcvapp/ublarcvapp/Reco3D/mac/../Proton_Muon_Range_dEdx_LAr_TSplines.root
initialize()
GOT: /cluster/kappa/90-days-archive/wongjiradlab/jmills09/post_process/ubdl/ublarcvapp/ublarcvapp/Reco3D/mac/../Proton_Muon_Range_dEdx_LAr_TSplines.root

[95m    [NORMAL]  [0m[95m<open> [0mOpening a file in kWRITE mode: ./tracker_reco_49520073.root

============================================
Entry 0 / 22
============================================
[93m   [WARNING]  [0m[95m<get_data> [0mRequested track tree by trackReco which does not exists yet. Created a new one.
[93m   [WARNING]  [0m[95m<get_data> [0mRequested vertex tree by trackReco which does not exists yet. Created a new one.
[93m   [WARNING]  [0m[95m<get_data> [0mRequested ass tree by trackReco which does not exists yet. Created a new one.
[93m   [WARNING]  [0m[95m<get_data> [0mRequested track tree by trackReco_sceadded which does not exists yet. Created a new one.
[93m   [WARNING]  [0m[95m<get_data> [0mRequested ass tree by trackReco_sceadded which does not exists yet. Created a new one.
Neutrino : 1005.24 MeV
muon.....@127.948, -47.0943, 157.038 ... 441.214 MeV
proton...@127.948, -47.0943, 157.038 ... 365.572 MeV
4952 73 3654
Setting vertex to : 129.939,-47.3346,156.8
ReconstructVertex()
MakeDeadWireList()
_deadWires_v.size() = 3
_deadWires_v[0].size() = 2406
_deadWires_v[1].size() = 2364
_deadWires_v[2].size() = 3425
[95m    [NORMAL]  [0m[95m<LoadData> [0mLoading data for Geometry...
     file=/cluster/tufts/wongjiradlab/jmills09/post_process/ubdl/larlite/core/LArUtil/dat/larutil_microboone.root
[95m    [NORMAL]  [0m[95m<LoadData> [0mLoading data for DetectorProperties...
     file=/cluster/tufts/wongjiradlab/jmills09/post_process/ubdl/larlite/core/LArUtil/dat/larutil_microboone.root
[95m    [NORMAL]  [0m[95m<LoadData> [0mLoading data for LArProperties...
     file=/cluster/tufts/wongjiradlab/jmills09/post_process/ubdl/larlite/core/LArUtil/dat/larutil_microboone.root
ConstructVertex()
ConstructTrack()
ImprovedCluster()
MaskVertex()
MaskVertex()
MaskVertex()
MaskVertex()
MaskVertex()
MaskVertex()
MaskVertex()
MaskVertex()
MaskVertex()
MaskVertex()
MaskVertex()
MaskVertex()
MaskVertex()
MaskVertex()
MaskVertex()
MaskVertex()
MaskVertex()
MaskVertex()
MaskVertex()
MaskVertex()
ComputeLength() : 0.0 cm
xxxxx don't add track xxxxx
MaskVertex()
ConstructTrack()
ImprovedCluster()
MaskVertex()
MaskVertex()
MaskVertex()
MaskVertex()
MaskVertex()
MaskVertex()
MaskVertex()
MaskVertex()
MaskVertex()
MaskVertex()
MaskVertex()
MaskVertex()
MaskVertex()
MaskVertex()
MaskVertex()
MaskVertex()
MaskVertex()
MaskVertex()
MaskVertex()
MaskVertex()
ComputeLength() : 0.0 cm
xxxxx don't add track xxxxx
MaskVertex()
GetVertexLength()
DiagnoseVertex()
MakeVertexTracks()
Construct vertex done
Recovered if failed
trial #1/5 GoodVertex = 0
ReconstructVertex()
MakeDeadWireList()
dead wires already acqured for this image
ConstructVertex()
ConstructTrack()
ImprovedCluster()
MaskVertex()
MaskVertex()
MaskVertex()
MaskVertex()
MaskVertex()
MaskVertex()
MaskVertex()
MaskVertex()
MaskVertex()
MaskVertex()
MaskVertex()
MaskVertex()
MaskVertex()
MaskVertex()
MaskVertex()
MaskVertex()
MaskVertex()
MaskVertex()
MaskVertex()
MaskVertex()
ComputeLength() : 0.0 cm
xxxxx don't add track xxxxx
MaskVertex()
ConstructTrack()
ImprovedCluster()
MaskVertex()
MaskVertex()
MaskVertex()
MaskVertex()
MaskVertex()
MaskVertex()
MaskVertex()
MaskVertex()
MaskVertex()
MaskVertex()
MaskVertex()
MaskVertex()
MaskVertex()
MaskVertex()
MaskVertex()
MaskVertex()
MaskVertex()
MaskVertex()
MaskVertex()
MaskVertex()
ComputeLength() : 0.0 cm
xxxxx don't add track xxxxx
MaskVertex()
GetVertexLength()
DiagnoseVertex()
MakeVertexTracks()
Construct vertex done
Recovered if failed
trial #2/5 GoodVertex = 0
ReconstructVertex()
MakeDeadWireList()
dead wires already acqured for this image
ConstructVertex()
ConstructTrack()
ImprovedCluster()
MaskVertex()
MaskVertex()
MaskVertex()
MaskVertex()
MaskVertex()
MaskVertex()
MaskVertex()
MaskVertex()
MaskVertex()
MaskVertex()
MaskVertex()
MaskVertex()
MaskVertex()
MaskVertex()
MaskVertex()
MaskVertex()
MaskVertex()
MaskVertex()
MaskVertex()
MaskVertex()
ComputeLength() : 0.0 cm
xxxxx don't add track xxxxx
MaskVertex()
ConstructTrack()
ImprovedCluster()
MaskVertex()
MaskVertex()
MaskVertex()
MaskVertex()
MaskVertex()
MaskVertex()
MaskVertex()
MaskVertex()
MaskVertex()
MaskVertex()
MaskVertex()
MaskVertex()
MaskVertex()
MaskVertex()
MaskVertex()
MaskVertex()
MaskVertex()
MaskVertex()
MaskVertex()
MaskVertex()
ComputeLength() : 0.0 cm
xxxxx don't add track xxxxx
MaskVertex()
GetVertexLength()
DiagnoseVertex()
MakeVertexTracks()
Construct vertex done
Recovered if failed
trial #3/5 GoodVertex = 0
ReconstructVertex()
MakeDeadWireList()
dead wires already acqured for this image
ConstructVertex()
ConstructTrack()
ImprovedCluster()
MaskVertex()
MaskVertex()
MaskVertex()
MaskVertex()
MaskVertex()
MaskVertex()
MaskVertex()
MaskVertex()
MaskVertex()
MaskVertex()
MaskVertex()
MaskVertex()
MaskVertex()
MaskVertex()
MaskVertex()
MaskVertex()
MaskVertex()
MaskVertex()
MaskVertex()
MaskVertex()
ComputeLength() : 0.0 cm
xxxxx don't add track xxxxx
MaskVertex()
ConstructTrack()
ImprovedCluster()
MaskVertex()
MaskVertex()
MaskVertex()
MaskVertex()
MaskVertex()
MaskVertex()
MaskVertex()
MaskVertex()
MaskVertex()
MaskVertex()
MaskVertex()
MaskVertex()
MaskVertex()
MaskVertex()
MaskVertex()
MaskVertex()
MaskVertex()
MaskVertex()
MaskVertex()
MaskVertex()
ComputeLength() : 0.0 cm
xxxxx don't add track xxxxx
MaskVertex()
GetVertexLength()
DiagnoseVertex()
MakeVertexTracks()
Construct vertex done
Recovered if failed
trial #4/5 GoodVertex = 0
ReconstructVertex()
MakeDeadWireList()
dead wires already acqured for this image
ConstructVertex()
ConstructTrack()
ImprovedCluster()
MaskVertex()
MaskVertex()
MaskVertex()
MaskVertex()
MaskVertex()
MaskVertex()
MaskVertex()
MaskVertex()
MaskVertex()
MaskVertex()
MaskVertex()
MaskVertex()
MaskVertex()
MaskVertex()
MaskVertex()
MaskVertex()
MaskVertex()
MaskVertex()
MaskVertex()
MaskVertex()
ComputeLength() : 0.0 cm
xxxxx don't add track xxxxx
MaskVertex()
ConstructTrack()
ImprovedCluster()
MaskVertex()
MaskVertex()
MaskVertex()
MaskVertex()
MaskVertex()
MaskVertex()
MaskVertex()
MaskVertex()
MaskVertex()
MaskVertex()
MaskVertex()
MaskVertex()
MaskVertex()
MaskVertex()
MaskVertex()
MaskVertex()
MaskVertex()
MaskVertex()
MaskVertex()
MaskVertex()
ComputeLength() : 0.0 cm
xxxxx don't add track xxxxx
MaskVertex()
GetVertexLength()
DiagnoseVertex()
MakeVertexTracks()
Construct vertex done
Recovered if failed
trial #5/5 GoodVertex = 0
GetEnergies()
GetVertexLength()
GetTotalPixADC()
GetTotalPixADC()
GetTotalPixADC()
GetTotalPixADC()
GetTotalPixADC()
GetTotalPixADC()
GetAverageIonization()
GetTotalIonization(5.0)
GetTotalIonization(10.0)
GetTotalIonization(-1.0)
GetAverageIonization_Yplane()
GetTotalIonization(5.0)
GetTotalIonization(10.0)
GetTotalIonization(-1.0)
ComputeTruncateddQdX()
ComputeTruncateddQdX()
GetTotalPixADC()
GetEndPoints()
Adding SCE to reconstructed tracks
Add_SCE_to_Tracks()
GetEnergies()
GetVertexLength()
GetTotalPixADC()
GetTotalPixADC()
GetTotalPixADC()
GetTotalPixADC()
GetTotalPixADC()
GetTotalPixADC()
GetAverageIonization()
GetTotalIonization(5.0)
GetTotalIonization(10.0)
GetTotalIonization(-1.0)
GetAverageIonization_Yplane()
GetTotalIonization(5.0)
GetTotalIonization(10.0)
GetTotalIonization(-1.0)
ComputeTruncateddQdX()
ComputeTruncateddQdX()
GetTotalPixADC()
GetEndPoints()
MCevaluation()
GetEnergies()
error: is not good vertex


Setting vertex to : 116.355,-52.3968,175.5
ReconstructVertex()
MakeDeadWireList()
dead wires already acqured for this image
ConstructVertex()
ConstructTrack()
ImprovedCluster()
MaskVertex()
MaskVertex()
MaskVertex()
MaskVertex()
MaskVertex()
MaskVertex()
MaskVertex()
MaskVertex()
MaskVertex()
MaskVertex()
MaskVertex()
MaskVertex()
MaskVertex()
MaskVertex()
MaskVertex()
MaskVertex()
MaskVertex()
MaskVertex()
MaskVertex()
MaskVertex()
ComputeLength() : 0.0 cm
xxxxx don't add track xxxxx
MaskVertex()
ConstructTrack()
ImprovedCluster()
MaskVertex()
MaskVertex()
MaskVertex()
MaskVertex()
MaskVertex()
MaskVertex()
MaskVertex()
MaskVertex()
MaskVertex()
MaskVertex()
MaskVertex()
MaskVertex()
MaskVertex()
MaskVertex()
MaskVertex()
MaskVertex()
MaskVertex()
MaskVertex()
MaskVertex()
MaskVertex()
ComputeLength() : 0.0 cm
xxxxx don't add track xxxxx
MaskVertex()
GetVertexLength()
DiagnoseVertex()
MakeVertexTracks()
Construct vertex done
Recovered if failed
trial #1/5 GoodVertex = 0
ReconstructVertex()
MakeDeadWireList()
dead wires already acqured for this image
ConstructVertex()
ConstructTrack()
ImprovedCluster()
MaskVertex()
MaskVertex()
MaskVertex()
MaskVertex()
MaskVertex()
MaskVertex()
MaskVertex()
MaskVertex()
MaskVertex()
MaskVertex()
MaskVertex()
MaskVertex()
MaskVertex()
MaskVertex()
MaskVertex()
MaskVertex()
MaskVertex()
MaskVertex()
MaskVertex()
MaskVertex()
ComputeLength() : 0.0 cm
xxxxx don't add track xxxxx
MaskVertex()
ConstructTrack()
ImprovedCluster()
MaskVertex()
MaskVertex()
MaskVertex()
MaskVertex()
MaskVertex()
MaskVertex()
MaskVertex()
MaskVertex()
MaskVertex()
MaskVertex()
MaskVertex()
MaskVertex()
MaskVertex()
MaskVertex()
MaskVertex()
MaskVertex()
MaskVertex()
MaskVertex()
MaskVertex()
MaskVertex()
ComputeLength() : 0.0 cm
xxxxx don't add track xxxxx
MaskVertex()
GetVertexLength()
DiagnoseVertex()
MakeVertexTracks()
Construct vertex done
Recovered if failed
trial #2/5 GoodVertex = 0
ReconstructVertex()
MakeDeadWireList()
dead wires already acqured for this image
ConstructVertex()
ConstructTrack()
ImprovedCluster()
MaskVertex()
MaskVertex()
MaskVertex()
MaskVertex()
MaskVertex()
MaskVertex()
MaskVertex()
MaskVertex()
MaskVertex()
MaskVertex()
MaskVertex()
MaskVertex()
MaskVertex()
MaskVertex()
MaskVertex()
MaskVertex()
MaskVertex()
MaskVertex()
MaskVertex()
MaskVertex()
ComputeLength() : 0.0 cm
xxxxx don't add track xxxxx
MaskVertex()
ConstructTrack()
ImprovedCluster()
MaskVertex()
MaskVertex()
MaskVertex()
MaskVertex()
MaskVertex()
MaskVertex()
MaskVertex()
MaskVertex()
MaskVertex()
MaskVertex()
MaskVertex()
MaskVertex()
MaskVertex()
MaskVertex()
MaskVertex()
MaskVertex()
MaskVertex()
MaskVertex()
MaskVertex()
MaskVertex()
ComputeLength() : 0.0 cm
xxxxx don't add track xxxxx
MaskVertex()
GetVertexLength()
DiagnoseVertex()
MakeVertexTracks()
Construct vertex done
Recovered if failed
trial #3/5 GoodVertex = 0
ReconstructVertex()
MakeDeadWireList()
dead wires already acqured for this image
ConstructVertex()
ConstructTrack()
ImprovedCluster()
MaskVertex()
MaskVertex()
MaskVertex()
MaskVertex()
MaskVertex()
MaskVertex()
MaskVertex()
MaskVertex()
MaskVertex()
MaskVertex()
MaskVertex()
MaskVertex()
MaskVertex()
MaskVertex()
MaskVertex()
MaskVertex()
MaskVertex()
MaskVertex()
MaskVertex()
MaskVertex()
ComputeLength() : 0.0 cm
xxxxx don't add track xxxxx
MaskVertex()
ConstructTrack()
ImprovedCluster()
MaskVertex()
MaskVertex()
MaskVertex()
MaskVertex()
MaskVertex()
MaskVertex()
MaskVertex()
MaskVertex()
MaskVertex()
MaskVertex()
MaskVertex()
MaskVertex()
MaskVertex()
MaskVertex()
MaskVertex()
MaskVertex()
MaskVertex()
MaskVertex()
MaskVertex()
MaskVertex()
ComputeLength() : 0.0 cm
xxxxx don't add track xxxxx
MaskVertex()
GetVertexLength()
DiagnoseVertex()
MakeVertexTracks()
Construct vertex done
Recovered if failed
trial #4/5 GoodVertex = 0
ReconstructVertex()
MakeDeadWireList()
dead wires already acqured for this image
ConstructVertex()
ConstructTrack()
ImprovedCluster()
MaskVertex()
MaskVertex()
MaskVertex()
MaskVertex()
MaskVertex()
MaskVertex()
MaskVertex()
MaskVertex()
MaskVertex()
MaskVertex()
MaskVertex()
MaskVertex()
MaskVertex()
MaskVertex()
MaskVertex()
MaskVertex()
MaskVertex()
MaskVertex()
MaskVertex()
MaskVertex()
ComputeLength() : 0.0 cm
xxxxx don't add track xxxxx
MaskVertex()
ConstructTrack()
ImprovedCluster()
MaskVertex()
MaskVertex()
MaskVertex()
MaskVertex()
MaskVertex()
MaskVertex()
MaskVertex()
MaskVertex()
MaskVertex()
MaskVertex()
MaskVertex()
MaskVertex()
MaskVertex()
MaskVertex()
MaskVertex()
MaskVertex()
MaskVertex()
MaskVertex()
MaskVertex()
MaskVertex()
ComputeLength() : 0.0 cm
xxxxx don't add track xxxxx
MaskVertex()
GetVertexLength()
DiagnoseVertex()
MakeVertexTracks()
Construct vertex done
Recovered if failed
trial #5/5 GoodVertex = 0
GetEnergies()
GetVertexLength()
GetTotalPixADC()
GetTotalPixADC()
GetTotalPixADC()
GetTotalPixADC()
GetTotalPixADC()
GetTotalPixADC()
GetAverageIonization()
GetTotalIonization(5.0)
GetTotalIonization(10.0)
GetTotalIonization(-1.0)
GetAverageIonization_Yplane()
GetTotalIonization(5.0)
GetTotalIonization(10.0)
GetTotalIonization(-1.0)
ComputeTruncateddQdX()
ComputeTruncateddQdX()
GetTotalPixADC()
GetEndPoints()
Adding SCE to reconstructed tracks
Add_SCE_to_Tracks()
GetEnergies()
GetVertexLength()
GetTotalPixADC()
GetTotalPixADC()
GetTotalPixADC()
GetTotalPixADC()
GetTotalPixADC()
GetTotalPixADC()
GetAverageIonization()
GetTotalIonization(5.0)
GetTotalIonization(10.0)
GetTotalIonization(-1.0)
GetAverageIonization_Yplane()
GetTotalIonization(5.0)
GetTotalIonization(10.0)
GetTotalIonization(-1.0)
ComputeTruncateddQdX()
ComputeTruncateddQdX()
GetTotalPixADC()
GetEndPoints()
MCevaluation()
GetEnergies()
error: is not good vertex


...Reconstruted...
    [95m[NORMAL][00m [0m [94m<ProcessDriver::batch_process>[00m Processed 1 entries...
Finalizing
[95m    [NORMAL]  [0m[95m<close> [0mTTree "track_trackReco_tree" for track written with 1 events...
[95m    [NORMAL]  [0m[95m<close> [0mTTree "track_trackReco_sceadded_tree" for track written with 1 events...
[95m    [NORMAL]  [0m[95m<close> [0mTTree "vertex_trackReco_tree" for vertex written with 1 events...
[95m    [NORMAL]  [0m[95m<close> [0mTTree "ass_trackReco_tree" for ass written with 1 events...
[95m    [NORMAL]  [0m[95m<close> [0mTTree "ass_trackReco_sceadded_tree" for ass written with 1 events...
[95m    [NORMAL]  [0m[95m<close> [0mClosing the output: ./tracker_reco_49520073.root
finalized tracker
    [95m[NORMAL][00m [0m [94m<ProcessDriver::finalize>[00m Closing analysis output file...
