    [95m[NORMAL][00m [0m [94m<ProcessDriver::configure>[00m Instantiating Process ID=0 Type: Run3DTracker w/ Name: Run3DTracker
GOT:  <ROOT.ublarcvapp::reco3d::Run3DTracker object at 0x840c9a0> @ id= 0
set spline file=/cluster/kappa/90-days-archive/wongjiradlab/jmills09/post_process/ubdl/ublarcvapp/ublarcvapp/Reco3D/mac/../Proton_Muon_Range_dEdx_LAr_TSplines.root
    [95m[NORMAL][00m [0m [94m<IOManager::prepare_input>[00m Opening a file in READ mode: /cluster/tufts/wongjiradlab/larbys/data/db/mcc9_v13_bnb_overlay_run1/stage1/049/52/000/73/supera-Run004952-SubRun000073.root
    [95m[NORMAL][00m [0m [94m<IOManager::prepare_input>[00m Opening a file in READ mode: /cluster/tufts/wongjiradlab/larbys/data/db/mcc9_v13_bnb_overlay_run1/stage1/049/52/000/73/taggeroutv2-larcv-Run004952-SubRun000073.root
    [95m[NORMAL][00m [0m [94m<IOManager::prepare_input>[00m Opening a file in READ mode: /cluster/tufts/wongjiradlab/larbys/data/db/mcc9_v13_bnb_overlay_run1/stage2/test21/049/52/000/73/vertexout_49520073.root
    [95m[NORMAL][00m [0m [94m<IOManager::initialize>[00m Prepared input with 22 entries...
    [95m[NORMAL][00m [0m [94m<ProcessDriver::initialize>[00m Opening analysis output file ./tracker_anaout_49520073.root
set spline file=/cluster/kappa/90-days-archive/wongjiradlab/jmills09/post_process/ubdl/ublarcvapp/ublarcvapp/Reco3D/mac/../Proton_Muon_Range_dEdx_LAr_TSplines.root
initialize()
GOT: /cluster/kappa/90-days-archive/wongjiradlab/jmills09/post_process/ubdl/ublarcvapp/ublarcvapp/Reco3D/mac/../Proton_Muon_Range_dEdx_LAr_TSplines.root

[95m    [NORMAL]  [0m[95m<open> [0mOpening a file in kWRITE mode: ./tracker_reco_49520073.root

============================================
Entry 0 / 22
============================================
[93m   [WARNING]  [0m[95m<get_data> [0mRequested track tree by trackReco which does not exists yet. Created a new one.
[93m   [WARNING]  [0m[95m<get_data> [0mRequested vertex tree by trackReco which does not exists yet. Created a new one.
[93m   [WARNING]  [0m[95m<get_data> [0mRequested ass tree by trackReco which does not exists yet. Created a new one.
[93m   [WARNING]  [0m[95m<get_data> [0mRequested track tree by trackReco_sceadded which does not exists yet. Created a new one.
[93m   [WARNING]  [0m[95m<get_data> [0mRequested ass tree by trackReco_sceadded which does not exists yet. Created a new one.
Neutrino : 1005.24 MeV
muon.....@127.948, -47.0943, 157.038 ... 441.214 MeV
proton...@127.948, -47.0943, 157.038 ... 365.572 MeV
Plane 0 rows 1417 2500
